build/app/intermediates/manifest_merge_blame_file/release/manifest-merger-blame-release-report.txt
1<?xml version="1.0" encoding="utf-8"?>
2<manifest xmlns:android="http://schemas.android.com/apk/res/android"
3    package="com.mahilasaarthi.delivery"
4    android:versionCode="76"
5    android:versionName="1.7.41" >
6
7    <uses-sdk
8        android:minSdkVersion="21"
8-->src\main\AndroidManifest.xml
9        android:targetSdkVersion="36" />
9-->src\main\AndroidManifest.xml
10    <!--
11         io.flutter.app.FlutterApplication is an android.app.Application that
12         calls FlutterMain.startInitialization(this); in its onCreate method.
13         In most cases you can leave this as-is, but you if you want to provide
14         additional functionality it is fine to subclass or reimplement FlutterApplication and put your custom class here.
15    -->
16    <!-- <uses-permission android:name="android.permission.QUERY_ALL_PACKAGES"/> -->
17    <!--
18         <uses-permission android:name="android.permission.ACCESS_BACKGROUND_LOCATION"
19                tools:node="remove"/>
20    -->
21    <uses-permission android:name="android.permission.INTERNET" />
21-->src\main\AndroidManifest.xml:11:5-66
21-->src\main\AndroidManifest.xml:11:22-64
22    <uses-permission android:name="android.permission.ACCESS_COARSE_LOCATION" />
22-->src\main\AndroidManifest.xml:12:5-81
22-->src\main\AndroidManifest.xml:12:22-78
23    <uses-permission android:name="android.permission.ACCESS_FINE_LOCATION" />
23-->src\main\AndroidManifest.xml:13:5-79
23-->src\main\AndroidManifest.xml:13:22-76
24    <uses-permission android:name="android.permission.FOREGROUND_SERVICE" />
24-->src\main\AndroidManifest.xml:14:5-77
24-->src\main\AndroidManifest.xml:14:22-74
25    <uses-permission android:name="android.permission.FOREGROUND_SERVICE_MEDIA_PLAYBACK" />
25-->src\main\AndroidManifest.xml:15:5-92
25-->src\main\AndroidManifest.xml:15:22-89
26    <uses-permission android:name="android.permission.REQUEST_IGNORE_BATTERY_OPTIMIZATIONS" />
26-->src\main\AndroidManifest.xml:16:5-95
26-->src\main\AndroidManifest.xml:16:22-92
27    <uses-permission android:name="android.permission.ACCESS_BACKGROUND_LOCATION" />
27-->src\main\AndroidManifest.xml:17:5-84
27-->src\main\AndroidManifest.xml:17:22-82
28    <uses-permission android:name="android.permission.SYSTEM_ALERT_WINDOW" />
28-->src\main\AndroidManifest.xml:18:5-78
28-->src\main\AndroidManifest.xml:18:22-75
29    <uses-permission android:name="android.permission.WAKE_LOCK" />
29-->src\main\AndroidManifest.xml:19:5-68
29-->src\main\AndroidManifest.xml:19:22-65
30
31    <queries>
31-->src\main\AndroidManifest.xml:21:5-34:15
32        <intent>
32-->src\main\AndroidManifest.xml:22:9-25:18
33            <action android:name="android.intent.action.VIEW" />
33-->src\main\AndroidManifest.xml:23:13-65
33-->src\main\AndroidManifest.xml:23:21-62
34
35            <data android:scheme="https" />
35-->src\main\AndroidManifest.xml:24:13-44
35-->src\main\AndroidManifest.xml:24:19-41
36        </intent>
37        <intent>
37-->src\main\AndroidManifest.xml:26:9-29:18
38            <action android:name="android.intent.action.DIAL" />
38-->src\main\AndroidManifest.xml:27:13-65
38-->src\main\AndroidManifest.xml:27:21-62
39
40            <data android:scheme="tel" />
40-->src\main\AndroidManifest.xml:24:13-44
40-->src\main\AndroidManifest.xml:24:19-41
41        </intent>
42        <intent>
42-->src\main\AndroidManifest.xml:30:9-33:18
43            <action android:name="android.intent.action.SEND" />
43-->src\main\AndroidManifest.xml:31:13-65
43-->src\main\AndroidManifest.xml:31:21-62
44
45            <data android:mimeType="*/*" />
45-->src\main\AndroidManifest.xml:24:13-44
45-->src\main\AndroidManifest.xml:32:19-41
46        </intent>
47        <intent>
47-->[:file_picker] AndroidManifest.xml:12:9-16:18
48            <action android:name="android.intent.action.GET_CONTENT" />
48-->[:file_picker] AndroidManifest.xml:13:13-72
48-->[:file_picker] AndroidManifest.xml:13:21-69
49
50            <data android:mimeType="*/*" />
50-->src\main\AndroidManifest.xml:24:13-44
50-->src\main\AndroidManifest.xml:32:19-41
51        </intent>
52        <intent>
52-->[:flutter_inappwebview] AndroidManifest.xml:10:9-12:18
53            <action android:name="android.support.customtabs.action.CustomTabsService" />
53-->[:flutter_inappwebview] AndroidManifest.xml:11:13-90
53-->[:flutter_inappwebview] AndroidManifest.xml:11:21-87
54        </intent>
55
56        <package android:name="com.google.android.apps.maps" />
56-->[:map_launcher] AndroidManifest.xml:10:9-64
56-->[:map_launcher] AndroidManifest.xml:10:18-61
57        <package android:name="com.google.android.apps.mapslite" />
57-->[:map_launcher] AndroidManifest.xml:11:9-68
57-->[:map_launcher] AndroidManifest.xml:11:18-65
58        <package android:name="com.autonavi.minimap" />
58-->[:map_launcher] AndroidManifest.xml:12:9-56
58-->[:map_launcher] AndroidManifest.xml:12:18-53
59        <package android:name="com.baidu.BaiduMap" />
59-->[:map_launcher] AndroidManifest.xml:13:9-54
59-->[:map_launcher] AndroidManifest.xml:13:18-51
60        <package android:name="com.waze" />
60-->[:map_launcher] AndroidManifest.xml:14:9-44
60-->[:map_launcher] AndroidManifest.xml:14:18-41
61        <package android:name="ru.yandex.yandexnavi" />
61-->[:map_launcher] AndroidManifest.xml:15:9-56
61-->[:map_launcher] AndroidManifest.xml:15:18-53
62        <package android:name="ru.yandex.yandexmaps" />
62-->[:map_launcher] AndroidManifest.xml:16:9-56
62-->[:map_launcher] AndroidManifest.xml:16:18-53
63        <package android:name="com.citymapper.app.release" />
63-->[:map_launcher] AndroidManifest.xml:17:9-62
63-->[:map_launcher] AndroidManifest.xml:17:18-59
64        <package android:name="com.mapswithme.maps.pro" />
64-->[:map_launcher] AndroidManifest.xml:18:9-59
64-->[:map_launcher] AndroidManifest.xml:18:18-56
65        <package android:name="net.osmand" />
65-->[:map_launcher] AndroidManifest.xml:19:9-46
65-->[:map_launcher] AndroidManifest.xml:19:18-43
66        <package android:name="net.osmand.plus" />
66-->[:map_launcher] AndroidManifest.xml:20:9-51
66-->[:map_launcher] AndroidManifest.xml:20:18-48
67        <package android:name="ru.dublgis.dgismobile" />
67-->[:map_launcher] AndroidManifest.xml:21:9-57
67-->[:map_launcher] AndroidManifest.xml:21:18-54
68        <package android:name="com.tencent.map" />
68-->[:map_launcher] AndroidManifest.xml:22:9-51
68-->[:map_launcher] AndroidManifest.xml:22:18-48
69        <package android:name="com.here.app.maps" />
69-->[:map_launcher] AndroidManifest.xml:23:9-53
69-->[:map_launcher] AndroidManifest.xml:23:18-50
70        <package android:name="com.huawei.maps.app" />
70-->[:map_launcher] AndroidManifest.xml:24:9-55
70-->[:map_launcher] AndroidManifest.xml:24:18-52
71        <package android:name="com.phonepe.app" />
71-->[phonepe.intentsdk.android.release:IntentSDK:2.4.1] AndroidManifest.xml:8:9-51
71-->[phonepe.intentsdk.android.release:IntentSDK:2.4.1] AndroidManifest.xml:8:18-48
72        <package android:name="com.phonepe.app.preprod" />
72-->[phonepe.intentsdk.android.release:IntentSDK:2.4.1] AndroidManifest.xml:9:9-59
72-->[phonepe.intentsdk.android.release:IntentSDK:2.4.1] AndroidManifest.xml:9:18-56
73        <package android:name="com.phonepe.simulator" />
73-->[phonepe.intentsdk.android.release:IntentSDK:2.4.1] AndroidManifest.xml:10:9-57
73-->[phonepe.intentsdk.android.release:IntentSDK:2.4.1] AndroidManifest.xml:10:18-54
74        <package android:name="com.phonepe.simulator.debug" />
74-->[phonepe.intentsdk.android.release:IntentSDK:2.4.1] AndroidManifest.xml:11:9-63
74-->[phonepe.intentsdk.android.release:IntentSDK:2.4.1] AndroidManifest.xml:11:18-60
75
76        <intent>
76-->[phonepe.intentsdk.android.release:IntentSDK:2.4.1] AndroidManifest.xml:13:9-19:18
77            <action android:name="android.intent.action.VIEW" />
77-->src\main\AndroidManifest.xml:23:13-65
77-->src\main\AndroidManifest.xml:23:21-62
78
79            <data
79-->src\main\AndroidManifest.xml:24:13-44
80                android:host="pay"
81                android:scheme="upi" />
81-->src\main\AndroidManifest.xml:24:19-41
82        </intent>
83        <intent>
83-->[phonepe.intentsdk.android.release:IntentSDK:2.4.1] AndroidManifest.xml:20:9-26:18
84            <action android:name="android.intent.action.VIEW" />
84-->src\main\AndroidManifest.xml:23:13-65
84-->src\main\AndroidManifest.xml:23:21-62
85
86            <data
86-->src\main\AndroidManifest.xml:24:13-44
87                android:host="upi"
88                android:scheme="mandate" />
88-->src\main\AndroidManifest.xml:24:19-41
89        </intent>
90        <intent>
90-->[androidx.media2:media2-session:1.2.0] AndroidManifest.xml:25:9-27:18
91            <action android:name="android.media.browse.MediaBrowserService" />
91-->[androidx.media2:media2-session:1.2.0] AndroidManifest.xml:26:13-79
91-->[androidx.media2:media2-session:1.2.0] AndroidManifest.xml:26:21-76
92        </intent>
93        <intent>
93-->[androidx.media2:media2-session:1.2.0] AndroidManifest.xml:28:9-30:18
94            <action android:name="androidx.media2.session.MediaSessionService" />
94-->[androidx.media2:media2-session:1.2.0] AndroidManifest.xml:29:13-82
94-->[androidx.media2:media2-session:1.2.0] AndroidManifest.xml:29:21-79
95        </intent>
96        <intent>
96-->[androidx.media2:media2-session:1.2.0] AndroidManifest.xml:31:9-33:18
97            <action android:name="androidx.media2.session.MediaLibraryService" />
97-->[androidx.media2:media2-session:1.2.0] AndroidManifest.xml:32:13-82
97-->[androidx.media2:media2-session:1.2.0] AndroidManifest.xml:32:21-79
98        </intent>
99    </queries>
100
101    <uses-permission android:name="android.permission.ACCESS_NETWORK_STATE" /> <!-- Permissions options for the `notification` group -->
101-->[:firebase_messaging] AndroidManifest.xml:11:5-79
101-->[:firebase_messaging] AndroidManifest.xml:11:22-76
102    <uses-permission android:name="android.permission.POST_NOTIFICATIONS" />
102-->[:firebase_messaging] AndroidManifest.xml:13:5-77
102-->[:firebase_messaging] AndroidManifest.xml:13:22-74
103    <uses-permission
103-->[:file_picker] AndroidManifest.xml:9:5-80
104        android:name="android.permission.READ_EXTERNAL_STORAGE"
104-->[:file_picker] AndroidManifest.xml:9:22-77
105        android:maxSdkVersion="32" />
105-->[:open_file_plus] AndroidManifest.xml:12:9-35
106    <uses-permission android:name="android.permission.VIBRATE" />
106-->[:assets_audio_player] AndroidManifest.xml:10:5-66
106-->[:assets_audio_player] AndroidManifest.xml:10:22-63
107    <uses-permission android:name="android.permission.WRITE_EXTERNAL_STORAGE" />
108    <uses-permission android:name="android.permission.READ_PHONE_STATE" />
109    <uses-permission android:name="android.permission.BROADCAST_CLOSE_SYSTEM_DIALOGS" />
109-->[:awesome_notifications] AndroidManifest.xml:10:5-89
109-->[:awesome_notifications] AndroidManifest.xml:10:22-86
110    <uses-permission android:name="android.permission.RECEIVE_BOOT_COMPLETED" />
110-->[:awesome_notifications] AndroidManifest.xml:11:5-81
110-->[:awesome_notifications] AndroidManifest.xml:11:22-78
111
112    <meta-data
112-->[phonepe.intentsdk.android.release:IntentSDK:2.4.1] AndroidManifest.xml:32:5-34:32
113        android:name="android.webkit.WebView.EnableSafeBrowsing"
113-->[phonepe.intentsdk.android.release:IntentSDK:2.4.1] AndroidManifest.xml:33:9-65
114        android:value="true" />
114-->[phonepe.intentsdk.android.release:IntentSDK:2.4.1] AndroidManifest.xml:34:9-29
115
116    <uses-permission
116-->[me.carda:AndroidAwnCore:0.9.3] AndroidManifest.xml:10:5-12:38
117        android:name="android.permission.BIND_NOTIFICATION_LISTENER_SERVICE"
117-->[me.carda:AndroidAwnCore:0.9.3] AndroidManifest.xml:11:9-77
118        android:maxSdkVersion="22" />
118-->[me.carda:AndroidAwnCore:0.9.3] AndroidManifest.xml:12:9-35
119
120    <uses-feature
120-->[com.google.android.gms:play-services-maps:18.2.0] AndroidManifest.xml:26:5-28:35
121        android:glEsVersion="0x00020000"
121-->[com.google.android.gms:play-services-maps:18.2.0] AndroidManifest.xml:27:9-41
122        android:required="true" /> <!-- Required by older versions of Google Play services to create IID tokens -->
122-->[com.google.android.gms:play-services-maps:18.2.0] AndroidManifest.xml:28:9-32
123    <uses-permission android:name="com.google.android.c2dm.permission.RECEIVE" />
123-->[com.google.firebase:firebase-messaging:23.2.0] AndroidManifest.xml:28:5-82
123-->[com.google.firebase:firebase-messaging:23.2.0] AndroidManifest.xml:28:22-79
124
125    <permission
125-->[androidx.core:core:1.9.0] AndroidManifest.xml:22:5-24:47
126        android:name="com.mahilasaarthi.delivery.DYNAMIC_RECEIVER_NOT_EXPORTED_PERMISSION"
126-->[androidx.core:core:1.9.0] AndroidManifest.xml:23:9-81
127        android:protectionLevel="signature" />
127-->[androidx.core:core:1.9.0] AndroidManifest.xml:24:9-44
128
129    <uses-permission android:name="com.mahilasaarthi.delivery.DYNAMIC_RECEIVER_NOT_EXPORTED_PERMISSION" />
129-->[androidx.core:core:1.9.0] AndroidManifest.xml:26:5-97
129-->[androidx.core:core:1.9.0] AndroidManifest.xml:26:22-94
130    <uses-permission android:name="android.permission.CAMERA" /> <!-- Don't require camera, as this requires a rear camera. This allows it to work on the Nexus 7 -->
130-->[com.journeyapps:zxing-android-embedded:4.3.0] AndroidManifest.xml:22:5-65
130-->[com.journeyapps:zxing-android-embedded:4.3.0] AndroidManifest.xml:22:22-62
131    <uses-feature
131-->[com.journeyapps:zxing-android-embedded:4.3.0] AndroidManifest.xml:25:5-27:36
132        android:name="android.hardware.camera"
132-->[com.journeyapps:zxing-android-embedded:4.3.0] AndroidManifest.xml:26:9-47
133        android:required="false" />
133-->[com.journeyapps:zxing-android-embedded:4.3.0] AndroidManifest.xml:27:9-33
134    <uses-feature
134-->[com.journeyapps:zxing-android-embedded:4.3.0] AndroidManifest.xml:28:5-30:36
135        android:name="android.hardware.camera.front"
135-->[com.journeyapps:zxing-android-embedded:4.3.0] AndroidManifest.xml:29:9-53
136        android:required="false" /> <!-- TODO replace above two with next line after Android 4.2 -->
136-->[com.journeyapps:zxing-android-embedded:4.3.0] AndroidManifest.xml:30:9-33
137    <!-- <uses-feature android:name="android.hardware.camera.any"/> -->
138    <uses-feature
138-->[com.journeyapps:zxing-android-embedded:4.3.0] AndroidManifest.xml:33:5-35:36
139        android:name="android.hardware.camera.autofocus"
139-->[com.journeyapps:zxing-android-embedded:4.3.0] AndroidManifest.xml:34:9-57
140        android:required="false" />
140-->[com.journeyapps:zxing-android-embedded:4.3.0] AndroidManifest.xml:35:9-33
141    <uses-feature
141-->[com.journeyapps:zxing-android-embedded:4.3.0] AndroidManifest.xml:36:5-38:36
142        android:name="android.hardware.camera.flash"
142-->[com.journeyapps:zxing-android-embedded:4.3.0] AndroidManifest.xml:37:9-53
143        android:required="false" />
143-->[com.journeyapps:zxing-android-embedded:4.3.0] AndroidManifest.xml:38:9-33
144    <uses-feature
144-->[com.journeyapps:zxing-android-embedded:4.3.0] AndroidManifest.xml:39:5-41:36
145        android:name="android.hardware.screen.landscape"
145-->[com.journeyapps:zxing-android-embedded:4.3.0] AndroidManifest.xml:40:9-57
146        android:required="false" />
146-->[com.journeyapps:zxing-android-embedded:4.3.0] AndroidManifest.xml:41:9-33
147    <uses-feature
147-->[com.journeyapps:zxing-android-embedded:4.3.0] AndroidManifest.xml:42:5-44:36
148        android:name="android.hardware.wifi"
148-->[com.journeyapps:zxing-android-embedded:4.3.0] AndroidManifest.xml:43:9-45
149        android:required="false" /> <!-- for android -->
149-->[com.journeyapps:zxing-android-embedded:4.3.0] AndroidManifest.xml:44:9-33
150    <!-- <uses-permission android:name="com.android.launcher.permission.READ_SETTINGS"/> -->
151    <!-- <uses-permission android:name="com.android.launcher.permission.WRITE_SETTINGS"/> -->
152    <!-- <uses-permission android:name="com.android.launcher.permission.INSTALL_SHORTCUT" /> -->
153    <!-- <uses-permission android:name="com.android.launcher.permission.UNINSTALL_SHORTCUT" /> -->
154    <!-- for Samsung -->
155    <uses-permission android:name="com.sec.android.provider.badge.permission.READ" />
155-->[me.leolin:ShortcutBadger:1.1.22] AndroidManifest.xml:19:5-86
155-->[me.leolin:ShortcutBadger:1.1.22] AndroidManifest.xml:19:22-83
156    <uses-permission android:name="com.sec.android.provider.badge.permission.WRITE" /> <!-- for htc -->
156-->[me.leolin:ShortcutBadger:1.1.22] AndroidManifest.xml:20:5-87
156-->[me.leolin:ShortcutBadger:1.1.22] AndroidManifest.xml:20:22-84
157    <uses-permission android:name="com.htc.launcher.permission.READ_SETTINGS" />
157-->[me.leolin:ShortcutBadger:1.1.22] AndroidManifest.xml:23:5-81
157-->[me.leolin:ShortcutBadger:1.1.22] AndroidManifest.xml:23:22-78
158    <uses-permission android:name="com.htc.launcher.permission.UPDATE_SHORTCUT" /> <!-- for sony -->
158-->[me.leolin:ShortcutBadger:1.1.22] AndroidManifest.xml:24:5-83
158-->[me.leolin:ShortcutBadger:1.1.22] AndroidManifest.xml:24:22-80
159    <uses-permission android:name="com.sonyericsson.home.permission.BROADCAST_BADGE" />
159-->[me.leolin:ShortcutBadger:1.1.22] AndroidManifest.xml:27:5-88
159-->[me.leolin:ShortcutBadger:1.1.22] AndroidManifest.xml:27:22-85
160    <uses-permission android:name="com.sonymobile.home.permission.PROVIDER_INSERT_BADGE" /> <!-- for apex -->
160-->[me.leolin:ShortcutBadger:1.1.22] AndroidManifest.xml:28:5-92
160-->[me.leolin:ShortcutBadger:1.1.22] AndroidManifest.xml:28:22-89
161    <uses-permission android:name="com.anddoes.launcher.permission.UPDATE_COUNT" /> <!-- for solid -->
161-->[me.leolin:ShortcutBadger:1.1.22] AndroidManifest.xml:31:5-84
161-->[me.leolin:ShortcutBadger:1.1.22] AndroidManifest.xml:31:22-81
162    <uses-permission android:name="com.majeur.launcher.permission.UPDATE_BADGE" /> <!-- for huawei -->
162-->[me.leolin:ShortcutBadger:1.1.22] AndroidManifest.xml:34:5-83
162-->[me.leolin:ShortcutBadger:1.1.22] AndroidManifest.xml:34:22-80
163    <uses-permission android:name="com.huawei.android.launcher.permission.CHANGE_BADGE" />
163-->[me.leolin:ShortcutBadger:1.1.22] AndroidManifest.xml:37:5-91
163-->[me.leolin:ShortcutBadger:1.1.22] AndroidManifest.xml:37:22-88
164    <uses-permission android:name="com.huawei.android.launcher.permission.READ_SETTINGS" />
164-->[me.leolin:ShortcutBadger:1.1.22] AndroidManifest.xml:38:5-92
164-->[me.leolin:ShortcutBadger:1.1.22] AndroidManifest.xml:38:22-89
165    <uses-permission android:name="com.huawei.android.launcher.permission.WRITE_SETTINGS" /> <!-- for ZUK -->
165-->[me.leolin:ShortcutBadger:1.1.22] AndroidManifest.xml:39:5-93
165-->[me.leolin:ShortcutBadger:1.1.22] AndroidManifest.xml:39:22-90
166    <uses-permission android:name="android.permission.READ_APP_BADGE" /> <!-- for OPPO -->
166-->[me.leolin:ShortcutBadger:1.1.22] AndroidManifest.xml:42:5-73
166-->[me.leolin:ShortcutBadger:1.1.22] AndroidManifest.xml:42:22-70
167    <uses-permission android:name="com.oppo.launcher.permission.READ_SETTINGS" />
167-->[me.leolin:ShortcutBadger:1.1.22] AndroidManifest.xml:45:5-82
167-->[me.leolin:ShortcutBadger:1.1.22] AndroidManifest.xml:45:22-79
168    <uses-permission android:name="com.oppo.launcher.permission.WRITE_SETTINGS" /> <!-- for EvMe -->
168-->[me.leolin:ShortcutBadger:1.1.22] AndroidManifest.xml:46:5-83
168-->[me.leolin:ShortcutBadger:1.1.22] AndroidManifest.xml:46:22-80
169    <uses-permission android:name="me.everything.badger.permission.BADGE_COUNT_READ" />
169-->[me.leolin:ShortcutBadger:1.1.22] AndroidManifest.xml:49:5-88
169-->[me.leolin:ShortcutBadger:1.1.22] AndroidManifest.xml:49:22-85
170    <uses-permission android:name="me.everything.badger.permission.BADGE_COUNT_WRITE" />
170-->[me.leolin:ShortcutBadger:1.1.22] AndroidManifest.xml:50:5-89
170-->[me.leolin:ShortcutBadger:1.1.22] AndroidManifest.xml:50:22-86
171
172    <application
173        android:name="android.app.Application"
173-->src\main\AndroidManifest.xml:39:9-42
174        android:appComponentFactory="androidx.core.app.CoreComponentFactory"
174-->[androidx.core:core:1.9.0] AndroidManifest.xml:28:18-86
175        android:icon="@mipmap/launcher_icon"
175-->src\main\AndroidManifest.xml:43:9-45
176        android:label="Mahila Saarthi Driver"
176-->src\main\AndroidManifest.xml:40:9-46
177        android:requestLegacyExternalStorage="true"
177-->src\main\AndroidManifest.xml:42:9-52
178        android:usesCleartextTraffic="true" >
178-->src\main\AndroidManifest.xml:41:9-44
179        <activity
179-->src\main\AndroidManifest.xml:45:9-89:20
180            android:name="com.mahilasaarthi.delivery.MainActivity"
180-->src\main\AndroidManifest.xml:46:13-41
181            android:configChanges="orientation|keyboardHidden|keyboard|screenSize|smallestScreenSize|locale|layoutDirection|fontScale|screenLayout|density|uiMode"
181-->src\main\AndroidManifest.xml:49:13-163
182            android:exported="true"
182-->src\main\AndroidManifest.xml:52:13-36
183            android:hardwareAccelerated="true"
183-->src\main\AndroidManifest.xml:50:13-47
184            android:launchMode="singleTop"
184-->src\main\AndroidManifest.xml:47:13-43
185            android:theme="@style/LaunchTheme"
185-->src\main\AndroidManifest.xml:48:13-47
186            android:windowSoftInputMode="adjustResize" >
186-->src\main\AndroidManifest.xml:51:13-55
187
188            <!--
189                 Specifies an Android theme to apply to this Activity as soon as
190                 the Android process has started. This theme is visible to the user
191                 while the Flutter UI initializes. After that, this theme continues
192                 to determine the Window background behind the Flutter UI.
193            -->
194            <meta-data
194-->src\main\AndroidManifest.xml:57:13-60:17
195                android:name="io.flutter.embedding.android.NormalTheme"
195-->src\main\AndroidManifest.xml:58:15-70
196                android:resource="@style/NormalTheme" />
196-->src\main\AndroidManifest.xml:59:15-52
197            <!--
198                 Displays an Android View that continues showing the launch screen
199                 Drawable until Flutter paints its first frame, then this splash
200                 screen fades out. A splash screen is useful to avoid any visual
201                 gap between the end of Android's launch screen and the painting of
202                 Flutter's first frame.
203            -->
204            <meta-data
204-->src\main\AndroidManifest.xml:66:13-69:17
205                android:name="io.flutter.embedding.android.SplashScreenDrawable"
205-->src\main\AndroidManifest.xml:67:15-79
206                android:resource="@drawable/launch_background" />
206-->src\main\AndroidManifest.xml:68:15-61
207
208            <!-- Firebase notification -->
209            <meta-data
209-->src\main\AndroidManifest.xml:72:13-74:48
210                android:name="com.google.firebase.messaging.default_notification_channel_id"
210-->src\main\AndroidManifest.xml:73:17-93
211                android:value="basic_channel" />
211-->src\main\AndroidManifest.xml:74:17-46
212            <meta-data
212-->src\main\AndroidManifest.xml:76:13-78:64
213                android:name="com.google.firebase.messaging.default_notification_icon"
213-->src\main\AndroidManifest.xml:77:17-87
214                android:resource="@mipmap/notification_icon" />
214-->src\main\AndroidManifest.xml:78:17-61
215
216            <intent-filter>
216-->src\main\AndroidManifest.xml:80:13-83:29
217                <action android:name="android.intent.action.MAIN" />
217-->src\main\AndroidManifest.xml:81:17-68
217-->src\main\AndroidManifest.xml:81:25-66
218
219                <category android:name="android.intent.category.LAUNCHER" />
219-->src\main\AndroidManifest.xml:82:17-76
219-->src\main\AndroidManifest.xml:82:27-74
220            </intent-filter>
221            <intent-filter>
221-->src\main\AndroidManifest.xml:85:13-88:29
222                <action android:name="FLUTTER_NOTIFICATION_CLICK" />
222-->src\main\AndroidManifest.xml:86:17-69
222-->src\main\AndroidManifest.xml:86:25-66
223
224                <category android:name="android.intent.category.DEFAULT" />
224-->src\main\AndroidManifest.xml:87:17-76
224-->src\main\AndroidManifest.xml:87:27-73
225            </intent-filter>
226        </activity>
227        <!--
228             Don't delete the meta-data below.
229             This is used by the Flutter tool to generate GeneratedPluginRegistrant.java
230        -->
231        <meta-data
231-->src\main\AndroidManifest.xml:92:9-94:33
232            android:name="flutterEmbedding"
232-->src\main\AndroidManifest.xml:93:13-44
233            android:value="2" />
233-->src\main\AndroidManifest.xml:94:13-30
234        <meta-data
234-->src\main\AndroidManifest.xml:97:9-98:70
235            android:name="com.google.android.geo.API_KEY"
235-->src\main\AndroidManifest.xml:97:20-65
236            android:value="AIzaSyBjRp7r65oyX9aSkmMnUsQBERo4K8YwQ7A" />
236-->src\main\AndroidManifest.xml:98:13-68
237        <!-- for the overlay permission usage -->
238        <service
238-->src\main\AndroidManifest.xml:100:9-121
239            android:name="flutter.overlay.window.flutter_overlay_window.OverlayService"
239-->src\main\AndroidManifest.xml:100:18-93
240            android:exported="false" />
240-->src\main\AndroidManifest.xml:100:94-118
241
242        <!-- Add missing foreground service type for assets_audio_player Android 14 compatibility -->
243        <service
243-->src\main\AndroidManifest.xml:103:9-107:48
244            android:name="com.github.florent37.assets_audio_player.notification.NotificationService"
244-->src\main\AndroidManifest.xml:104:13-101
245            android:enabled="true"
245-->[:assets_audio_player] AndroidManifest.xml:27:13-35
246            android:exported="true"
246-->src\main\AndroidManifest.xml:106:13-36
247            android:foregroundServiceType="mediaPlayback" />
247-->src\main\AndroidManifest.xml:105:13-58
248        <service
248-->[:firebase_messaging] AndroidManifest.xml:16:9-19:72
249            android:name="io.flutter.plugins.firebase.messaging.FlutterFirebaseMessagingBackgroundService"
249-->[:firebase_messaging] AndroidManifest.xml:17:13-107
250            android:exported="false"
250-->[:firebase_messaging] AndroidManifest.xml:18:13-37
251            android:permission="android.permission.BIND_JOB_SERVICE" />
251-->[:firebase_messaging] AndroidManifest.xml:19:13-69
252        <service
252-->[:firebase_messaging] AndroidManifest.xml:20:9-26:19
253            android:name="io.flutter.plugins.firebase.messaging.FlutterFirebaseMessagingService"
253-->[:firebase_messaging] AndroidManifest.xml:21:13-97
254            android:exported="false" >
254-->[:firebase_messaging] AndroidManifest.xml:22:13-37
255            <intent-filter>
255-->[:firebase_messaging] AndroidManifest.xml:23:13-25:29
256                <action android:name="com.google.firebase.MESSAGING_EVENT" />
256-->[:firebase_messaging] AndroidManifest.xml:24:17-78
256-->[:firebase_messaging] AndroidManifest.xml:24:25-75
257            </intent-filter>
258        </service>
259
260        <receiver
260-->[:firebase_messaging] AndroidManifest.xml:28:9-35:20
261            android:name="io.flutter.plugins.firebase.messaging.FlutterFirebaseMessagingReceiver"
261-->[:firebase_messaging] AndroidManifest.xml:29:13-98
262            android:exported="true"
262-->[:firebase_messaging] AndroidManifest.xml:30:13-36
263            android:permission="com.google.android.c2dm.permission.SEND" >
263-->[:firebase_messaging] AndroidManifest.xml:31:13-73
264            <intent-filter>
264-->[:firebase_messaging] AndroidManifest.xml:32:13-34:29
265                <action android:name="com.google.android.c2dm.intent.RECEIVE" />
265-->[:firebase_messaging] AndroidManifest.xml:33:17-81
265-->[:firebase_messaging] AndroidManifest.xml:33:25-78
266            </intent-filter>
267        </receiver>
268
269        <service
269-->[:firebase_messaging] AndroidManifest.xml:37:9-41:19
270            android:name="com.google.firebase.components.ComponentDiscoveryService"
270-->[:firebase_messaging] AndroidManifest.xml:37:18-89
271            android:directBootAware="true"
271-->[com.google.firebase:firebase-common:20.3.3] AndroidManifest.xml:34:13-43
272            android:exported="false" >
272-->[com.google.firebase:firebase-auth-ktx:22.1.0] AndroidManifest.xml:10:13-37
273            <meta-data
273-->[:firebase_messaging] AndroidManifest.xml:38:13-40:85
274                android:name="com.google.firebase.components:io.flutter.plugins.firebase.messaging.FlutterFirebaseAppRegistrar"
274-->[:firebase_messaging] AndroidManifest.xml:39:17-128
275                android:value="com.google.firebase.components.ComponentRegistrar" />
275-->[:firebase_messaging] AndroidManifest.xml:40:17-82
276            <meta-data
276-->[:firebase_crashlytics] AndroidManifest.xml:11:13-13:85
277                android:name="com.google.firebase.components:io.flutter.plugins.firebase.crashlytics.FlutterFirebaseAppRegistrar"
277-->[:firebase_crashlytics] AndroidManifest.xml:12:17-130
278                android:value="com.google.firebase.components.ComponentRegistrar" />
278-->[:firebase_crashlytics] AndroidManifest.xml:13:17-82
279            <meta-data
279-->[:cloud_firestore] AndroidManifest.xml:11:13-13:85
280                android:name="com.google.firebase.components:io.flutter.plugins.firebase.firestore.FlutterFirebaseFirestoreRegistrar"
280-->[:cloud_firestore] AndroidManifest.xml:12:17-134
281                android:value="com.google.firebase.components.ComponentRegistrar" />
281-->[:cloud_firestore] AndroidManifest.xml:13:17-82
282            <meta-data
282-->[:firebase_auth] AndroidManifest.xml:11:13-13:85